2020-04-08 10:01:10.149 INFO [main] [com.stepdef.loginstepdef] [i_launch_chrome_browser] [com.stepdef.loginstepdef.i_launch_chrome_browser(loginstepdef.java:23)] - launched the browser
2020-04-08 10:01:10.508 INFO [main] [com.stepdef.loginstepdef] [login_softpedia_page_opened] [com.stepdef.loginstepdef.login_softpedia_page_opened(loginstepdef.java:31)] - Softpedia login page opened
2020-04-08 10:01:11.570 INFO [main] [com.stepdef.loginstepdef] [enter_something_and_something_in_the_login_field] [com.stepdef.loginstepdef.enter_something_and_something_in_the_login_field(loginstepdef.java:39)] - usernam and password are :
2020-04-08 10:01:11.735 INFO [main] [com.stepdef.loginstepdef] [click_on_the_login_button] [com.stepdef.loginstepdef.click_on_the_login_button(loginstepdef.java:46)] - Clicked on submit button
2020-04-08 10:01:13.411 INFO [main] [com.stepdef.loginstepdef] [takes_a_screenshot] [com.stepdef.loginstepdef.takes_a_screenshot(loginstepdef.java:53)] - Screenshot sucessful
2020-04-08 10:01:14.263 INFO [main] [com.stepdef.loginstepdef] [takes_a_screenshot] [com.stepdef.loginstepdef.takes_a_screenshot(loginstepdef.java:55)] - Driver quit
2020-04-08 10:29:20.878 INFO [main] [com.stepdef.newstepdef] [news_i_launch_chrome_browser] [com.stepdef.newstepdef.news_i_launch_chrome_browser(newstepdef.java:22)] - launched the browser
2020-04-08 10:29:22.197 INFO [main] [com.stepdef.newstepdef] [news_click_on_the_news_button] [com.stepdef.newstepdef.news_click_on_the_news_button(newstepdef.java:30)] - Clicked on News Button
2020-04-08 10:29:23.477 INFO [main] [com.stepdef.newstepdef] [news_click_on_the_mobile_button] [com.stepdef.newstepdef.news_click_on_the_mobile_button(newstepdef.java:38)] - Clicked on Mobile Button
2020-04-08 10:29:24.339 INFO [main] [com.stepdef.newstepdef] [news_click_on_the_mobileapps_button] [com.stepdef.newstepdef.news_click_on_the_mobileapps_button(newstepdef.java:46)] - Clicked on Mobileapps Button
2020-04-08 10:29:25.032 INFO [main] [com.stepdef.newstepdef] [news_takes_a_screenshot] [com.stepdef.newstepdef.news_takes_a_screenshot(newstepdef.java:53)] - Screenshot sucessful
2020-04-08 10:29:25.802 INFO [main] [com.stepdef.newstepdef] [news_takes_a_screenshot] [com.stepdef.newstepdef.news_takes_a_screenshot(newstepdef.java:55)] - Driver quit
2020-04-08 10:32:08.902 INFO [main] [com.stepdef.newstepdef] [news_i_launch_chrome_browser] [com.stepdef.newstepdef.news_i_launch_chrome_browser(newstepdef.java:22)] - launched the browser
2020-04-08 10:32:10.081 INFO [main] [com.stepdef.newstepdef] [news_click_on_the_news_button] [com.stepdef.newstepdef.news_click_on_the_news_button(newstepdef.java:30)] - Clicked on News Button
2020-04-08 10:32:11.223 INFO [main] [com.stepdef.newstepdef] [news_click_on_the_mobile_button] [com.stepdef.newstepdef.news_click_on_the_mobile_button(newstepdef.java:38)] - Clicked on Mobile Button
2020-04-08 10:32:11.968 INFO [main] [com.stepdef.newstepdef] [news_click_on_the_mobileapps_button] [com.stepdef.newstepdef.news_click_on_the_mobileapps_button(newstepdef.java:46)] - Clicked on Mobileapps Button
2020-04-08 10:32:12.574 INFO [main] [com.stepdef.newstepdef] [news_takes_a_screenshot] [com.stepdef.newstepdef.news_takes_a_screenshot(newstepdef.java:53)] - Screenshot sucessful
2020-04-08 10:32:13.351 INFO [main] [com.stepdef.newstepdef] [news_takes_a_screenshot] [com.stepdef.newstepdef.news_takes_a_screenshot(newstepdef.java:55)] - Driver quit
2020-04-08 10:37:15.049 INFO [main] [com.stepdef.loginstepdef] [tc___I_launch_Chrome_browser] [com.stepdef.Registerstepdef.tc___I_launch_Chrome_browser(Registerstepdef.java:25)] - launched the browser
2020-04-08 10:37:15.335 INFO [main] [com.stepdef.loginstepdef] [tc___Login_Softpedia_page_opened] [com.stepdef.Registerstepdef.tc___Login_Softpedia_page_opened(Registerstepdef.java:35)] - Softpedia login page opened
2020-04-08 10:37:16.197 INFO [main] [com.stepdef.loginstepdef] [tc___Click_n_register_buttton] [com.stepdef.Registerstepdef.tc___Click_n_register_buttton(Registerstepdef.java:44)] - Clicked on New Register Button
2020-04-08 10:37:16.970 INFO [main] [com.stepdef.loginstepdef] [tc0102_enter_something_something_something_something_in_the_login_field] [com.stepdef.Registerstepdef.tc0102_enter_something_something_something_something_in_the_login_field(Registerstepdef.java:56)] - Rgistration Details are entered
2020-04-08 10:37:17.063 INFO [main] [com.stepdef.loginstepdef] [tc___Click_on_regiter_button] [com.stepdef.Registerstepdef.tc___Click_on_regiter_button(Registerstepdef.java:64)] - Click on the The Register button
2020-04-08 10:37:17.138 INFO [main] [com.stepdef.loginstepdef] [tc0102_click_on_done] [com.stepdef.Registerstepdef.tc0102_click_on_done(Registerstepdef.java:69)] - clicked on done
2020-04-08 10:37:17.815 INFO [main] [com.stepdef.loginstepdef] [tc___Takes_a_screenshot] [com.stepdef.Registerstepdef.tc___Takes_a_screenshot(Registerstepdef.java:76)] - Screenshot sucessful
2020-04-08 10:37:18.564 INFO [main] [com.stepdef.loginstepdef] [tc___Takes_a_screenshot] [com.stepdef.Registerstepdef.tc___Takes_a_screenshot(Registerstepdef.java:78)] - Driver quit
2020-04-08 10:39:06.515 INFO [main] [com.stepdef.loginstepdef] [tc___I_launch_Chrome_browser] [com.stepdef.Registerstepdef.tc___I_launch_Chrome_browser(Registerstepdef.java:25)] - launched the browser
2020-04-08 10:39:06.801 INFO [main] [com.stepdef.loginstepdef] [tc___Login_Softpedia_page_opened] [com.stepdef.Registerstepdef.tc___Login_Softpedia_page_opened(Registerstepdef.java:35)] - Softpedia login page opened
2020-04-08 10:39:07.700 INFO [main] [com.stepdef.loginstepdef] [tc___Click_n_register_buttton] [com.stepdef.Registerstepdef.tc___Click_n_register_buttton(Registerstepdef.java:44)] - Clicked on New Register Button
2020-04-08 10:39:08.482 INFO [main] [com.stepdef.loginstepdef] [tc0102_enter_something_something_something_something_in_the_login_field] [com.stepdef.Registerstepdef.tc0102_enter_something_something_something_something_in_the_login_field(Registerstepdef.java:56)] - Rgistration Details are entered
2020-04-08 10:39:08.575 INFO [main] [com.stepdef.loginstepdef] [tc___Click_on_regiter_button] [com.stepdef.Registerstepdef.tc___Click_on_regiter_button(Registerstepdef.java:64)] - Click on the The Register button
2020-04-08 10:39:08.647 INFO [main] [com.stepdef.loginstepdef] [tc0102_click_on_done] [com.stepdef.Registerstepdef.tc0102_click_on_done(Registerstepdef.java:69)] - clicked on done
2020-04-08 10:39:09.335 INFO [main] [com.stepdef.loginstepdef] [tc___Takes_a_screenshot] [com.stepdef.Registerstepdef.tc___Takes_a_screenshot(Registerstepdef.java:76)] - Screenshot sucessful
2020-04-08 10:39:10.096 INFO [main] [com.stepdef.loginstepdef] [tc___Takes_a_screenshot] [com.stepdef.Registerstepdef.tc___Takes_a_screenshot(Registerstepdef.java:78)] - Driver quit
2020-04-08 10:53:36.048 INFO [main] [com.stepdef.loginstepdef] [tc___I_launch_Chrome_browser] [com.stepdef.Registerstepdef.tc___I_launch_Chrome_browser(Registerstepdef.java:25)] - launched the browser
2020-04-08 10:53:36.656 INFO [main] [com.stepdef.loginstepdef] [tc___Login_Softpedia_page_opened] [com.stepdef.Registerstepdef.tc___Login_Softpedia_page_opened(Registerstepdef.java:35)] - Softpedia login page opened
2020-04-08 10:53:37.593 INFO [main] [com.stepdef.loginstepdef] [tc___Click_n_register_buttton] [com.stepdef.Registerstepdef.tc___Click_n_register_buttton(Registerstepdef.java:44)] - Clicked on New Register Button
2020-04-08 10:53:38.250 INFO [main] [com.stepdef.loginstepdef] [tc0102_enter_something_something_something_something_in_the_login_field] [com.stepdef.Registerstepdef.tc0102_enter_something_something_something_something_in_the_login_field(Registerstepdef.java:56)] - Rgistration Details are entered
2020-04-08 10:53:38.389 INFO [main] [com.stepdef.loginstepdef] [tc___Click_on_regiter_button] [com.stepdef.Registerstepdef.tc___Click_on_regiter_button(Registerstepdef.java:64)] - Click on the The Register button
2020-04-08 10:53:38.530 INFO [main] [com.stepdef.loginstepdef] [tc0102_click_on_done] [com.stepdef.Registerstepdef.tc0102_click_on_done(Registerstepdef.java:69)] - clicked on done
2020-04-08 10:53:39.193 INFO [main] [com.stepdef.loginstepdef] [tc___Takes_a_screenshot] [com.stepdef.Registerstepdef.tc___Takes_a_screenshot(Registerstepdef.java:76)] - Screenshot sucessful
2020-04-08 10:53:39.964 INFO [main] [com.stepdef.loginstepdef] [tc___Takes_a_screenshot] [com.stepdef.Registerstepdef.tc___Takes_a_screenshot(Registerstepdef.java:78)] - Driver quit
2020-04-08 10:53:55.116 INFO [main] [com.stepdef.loginstepdef] [tc___I_launch_Chrome_browser] [com.stepdef.Registerstepdef.tc___I_launch_Chrome_browser(Registerstepdef.java:25)] - launched the browser
2020-04-08 10:53:55.238 INFO [main] [com.stepdef.loginstepdef] [tc___Login_Softpedia_page_opened] [com.stepdef.Registerstepdef.tc___Login_Softpedia_page_opened(Registerstepdef.java:35)] - Softpedia login page opened
2020-04-08 10:53:56.029 INFO [main] [com.stepdef.loginstepdef] [tc___Click_n_register_buttton] [com.stepdef.Registerstepdef.tc___Click_n_register_buttton(Registerstepdef.java:44)] - Clicked on New Register Button
2020-04-08 10:53:57.091 INFO [main] [com.stepdef.loginstepdef] [tc0102_enter_something_something_something_something_in_the_login_field] [com.stepdef.Registerstepdef.tc0102_enter_something_something_something_something_in_the_login_field(Registerstepdef.java:56)] - Rgistration Details are entered
2020-04-08 10:53:57.204 INFO [main] [com.stepdef.loginstepdef] [tc___Click_on_regiter_button] [com.stepdef.Registerstepdef.tc___Click_on_regiter_button(Registerstepdef.java:64)] - Click on the The Register button
2020-04-08 10:53:57.291 INFO [main] [com.stepdef.loginstepdef] [tc0102_click_on_done] [com.stepdef.Registerstepdef.tc0102_click_on_done(Registerstepdef.java:69)] - clicked on done
2020-04-08 10:53:57.941 INFO [main] [com.stepdef.loginstepdef] [tc___Takes_a_screenshot] [com.stepdef.Registerstepdef.tc___Takes_a_screenshot(Registerstepdef.java:76)] - Screenshot sucessful
2020-04-08 10:53:58.710 INFO [main] [com.stepdef.loginstepdef] [tc___Takes_a_screenshot] [com.stepdef.Registerstepdef.tc___Takes_a_screenshot(Registerstepdef.java:78)] - Driver quit
2020-04-08 10:54:13.417 INFO [main] [com.stepdef.loginstepdef] [tc___I_launch_Chrome_browser] [com.stepdef.Registerstepdef.tc___I_launch_Chrome_browser(Registerstepdef.java:25)] - launched the browser
2020-04-08 10:54:13.550 INFO [main] [com.stepdef.loginstepdef] [tc___Login_Softpedia_page_opened] [com.stepdef.Registerstepdef.tc___Login_Softpedia_page_opened(Registerstepdef.java:35)] - Softpedia login page opened
2020-04-08 10:54:14.628 INFO [main] [com.stepdef.loginstepdef] [tc___Click_n_register_buttton] [com.stepdef.Registerstepdef.tc___Click_n_register_buttton(Registerstepdef.java:44)] - Clicked on New Register Button
2020-04-08 10:54:15.562 INFO [main] [com.stepdef.loginstepdef] [tc0102_enter_something_something_something_something_in_the_login_field] [com.stepdef.Registerstepdef.tc0102_enter_something_something_something_something_in_the_login_field(Registerstepdef.java:56)] - Rgistration Details are entered
2020-04-08 10:54:15.664 INFO [main] [com.stepdef.loginstepdef] [tc___Click_on_regiter_button] [com.stepdef.Registerstepdef.tc___Click_on_regiter_button(Registerstepdef.java:64)] - Click on the The Register button
2020-04-08 10:54:15.749 INFO [main] [com.stepdef.loginstepdef] [tc0102_click_on_done] [com.stepdef.Registerstepdef.tc0102_click_on_done(Registerstepdef.java:69)] - clicked on done
2020-04-08 10:54:16.330 INFO [main] [com.stepdef.loginstepdef] [tc___Takes_a_screenshot] [com.stepdef.Registerstepdef.tc___Takes_a_screenshot(Registerstepdef.java:76)] - Screenshot sucessful
2020-04-08 10:54:17.135 INFO [main] [com.stepdef.loginstepdef] [tc___Takes_a_screenshot] [com.stepdef.Registerstepdef.tc___Takes_a_screenshot(Registerstepdef.java:78)] - Driver quit
2020-04-08 11:51:22.687 INFO [main] [com.stepdef.newstepdef] [search_launch_the_softpedia_application] [com.stepdef.Searchstepdef.search_launch_the_softpedia_application(Searchstepdef.java:24)] - launched the browser
2020-04-08 12:17:20.946 INFO [main] [com.stepdef.newstepdef] [ratings_i_launch_chrome_browser] [com.stepdef.Ratingsstepdef.ratings_i_launch_chrome_browser(Ratingsstepdef.java:23)] - launched the browser
2020-04-08 12:17:22.047 INFO [main] [com.stepdef.newstepdef] [ratingsclick_on_the_news_button] [com.stepdef.Ratingsstepdef.ratingsclick_on_the_news_button(Ratingsstepdef.java:31)] - Clicked on Windows Button
2020-04-08 12:17:26.380 INFO [main] [com.stepdef.newstepdef] [ratings_click_on_the_mobile_button] [com.stepdef.Ratingsstepdef.ratings_click_on_the_mobile_button(Ratingsstepdef.java:39)] - Clicked on Anti virus Button
2020-04-08 12:17:26.892 INFO [main] [com.stepdef.newstepdef] [ratings_click_on_the_mobileapps_button] [com.stepdef.Ratingsstepdef.ratings_click_on_the_mobileapps_button(Ratingsstepdef.java:47)] - Clicked on Ratings Button
2020-04-08 12:17:27.545 INFO [main] [com.stepdef.newstepdef] [ratings_takes_a_screenshot] [com.stepdef.Ratingsstepdef.ratings_takes_a_screenshot(Ratingsstepdef.java:55)] - Screenshot sucessful
2020-04-08 12:17:28.319 INFO [main] [com.stepdef.newstepdef] [ratings_takes_a_screenshot] [com.stepdef.Ratingsstepdef.ratings_takes_a_screenshot(Ratingsstepdef.java:57)] - Driver quit
2020-04-08 12:40:34.582 INFO [main] [com.stepdef.loginstepdef] [i_launch_chrome_browser] [com.stepdef.loginstepdef.i_launch_chrome_browser(loginstepdef.java:23)] - launched the browser
2020-04-08 12:40:34.945 INFO [main] [com.stepdef.loginstepdef] [login_softpedia_page_opened] [com.stepdef.loginstepdef.login_softpedia_page_opened(loginstepdef.java:31)] - Softpedia login page opened
2020-04-08 12:40:36.147 INFO [main] [com.stepdef.loginstepdef] [enter_something_and_something_in_the_login_field] [com.stepdef.loginstepdef.enter_something_and_something_in_the_login_field(loginstepdef.java:39)] - usernam and password are :
2020-04-08 12:40:36.283 INFO [main] [com.stepdef.loginstepdef] [click_on_the_login_button] [com.stepdef.loginstepdef.click_on_the_login_button(loginstepdef.java:46)] - Clicked on submit button
2020-04-08 12:40:37.990 INFO [main] [com.stepdef.loginstepdef] [takes_a_screenshot] [com.stepdef.loginstepdef.takes_a_screenshot(loginstepdef.java:53)] - Screenshot sucessful
2020-04-08 12:40:38.778 INFO [main] [com.stepdef.loginstepdef] [takes_a_screenshot] [com.stepdef.loginstepdef.takes_a_screenshot(loginstepdef.java:55)] - Driver quit
2020-04-08 12:40:54.790 INFO [main] [com.stepdef.loginstepdef] [tc___I_launch_Chrome_browser] [com.stepdef.Registerstepdef.tc___I_launch_Chrome_browser(Registerstepdef.java:25)] - launched the browser
2020-04-08 12:40:55.103 INFO [main] [com.stepdef.loginstepdef] [tc___Login_Softpedia_page_opened] [com.stepdef.Registerstepdef.tc___Login_Softpedia_page_opened(Registerstepdef.java:35)] - Softpedia login page opened
2020-04-08 12:40:55.549 INFO [main] [com.stepdef.loginstepdef] [tc___Click_n_register_buttton] [com.stepdef.Registerstepdef.tc___Click_n_register_buttton(Registerstepdef.java:44)] - Clicked on New Register Button
2020-04-08 12:40:56.997 INFO [main] [com.stepdef.loginstepdef] [tc0102_enter_something_something_something_something_in_the_login_field] [com.stepdef.Registerstepdef.tc0102_enter_something_something_something_something_in_the_login_field(Registerstepdef.java:56)] - Rgistration Details are entered
2020-04-08 12:40:57.161 INFO [main] [com.stepdef.loginstepdef] [tc___Click_on_regiter_button] [com.stepdef.Registerstepdef.tc___Click_on_regiter_button(Registerstepdef.java:64)] - Click on the The Register button
2020-04-08 12:40:57.325 INFO [main] [com.stepdef.loginstepdef] [tc0102_click_on_done] [com.stepdef.Registerstepdef.tc0102_click_on_done(Registerstepdef.java:69)] - clicked on done
2020-04-08 12:40:58.025 INFO [main] [com.stepdef.loginstepdef] [tc___Takes_a_screenshot] [com.stepdef.Registerstepdef.tc___Takes_a_screenshot(Registerstepdef.java:76)] - Screenshot sucessful
2020-04-08 12:40:58.775 INFO [main] [com.stepdef.loginstepdef] [tc___Takes_a_screenshot] [com.stepdef.Registerstepdef.tc___Takes_a_screenshot(Registerstepdef.java:78)] - Driver quit
2020-04-08 12:41:13.872 INFO [main] [com.stepdef.loginstepdef] [tc___I_launch_Chrome_browser] [com.stepdef.Registerstepdef.tc___I_launch_Chrome_browser(Registerstepdef.java:25)] - launched the browser
2020-04-08 12:41:14.039 INFO [main] [com.stepdef.loginstepdef] [tc___Login_Softpedia_page_opened] [com.stepdef.Registerstepdef.tc___Login_Softpedia_page_opened(Registerstepdef.java:35)] - Softpedia login page opened
2020-04-08 12:41:14.437 INFO [main] [com.stepdef.loginstepdef] [tc___Click_n_register_buttton] [com.stepdef.Registerstepdef.tc___Click_n_register_buttton(Registerstepdef.java:44)] - Clicked on New Register Button
2020-04-08 12:41:16.208 INFO [main] [com.stepdef.loginstepdef] [tc0102_enter_something_something_something_something_in_the_login_field] [com.stepdef.Registerstepdef.tc0102_enter_something_something_something_something_in_the_login_field(Registerstepdef.java:56)] - Rgistration Details are entered
2020-04-08 12:41:16.321 INFO [main] [com.stepdef.loginstepdef] [tc___Click_on_regiter_button] [com.stepdef.Registerstepdef.tc___Click_on_regiter_button(Registerstepdef.java:64)] - Click on the The Register button
2020-04-08 12:41:16.436 INFO [main] [com.stepdef.loginstepdef] [tc0102_click_on_done] [com.stepdef.Registerstepdef.tc0102_click_on_done(Registerstepdef.java:69)] - clicked on done
2020-04-08 12:41:17.119 INFO [main] [com.stepdef.loginstepdef] [tc___Takes_a_screenshot] [com.stepdef.Registerstepdef.tc___Takes_a_screenshot(Registerstepdef.java:76)] - Screenshot sucessful
2020-04-08 12:41:18.011 INFO [main] [com.stepdef.loginstepdef] [tc___Takes_a_screenshot] [com.stepdef.Registerstepdef.tc___Takes_a_screenshot(Registerstepdef.java:78)] - Driver quit
2020-04-08 12:41:33.120 INFO [main] [com.stepdef.loginstepdef] [tc___I_launch_Chrome_browser] [com.stepdef.Registerstepdef.tc___I_launch_Chrome_browser(Registerstepdef.java:25)] - launched the browser
2020-04-08 12:41:33.377 INFO [main] [com.stepdef.loginstepdef] [tc___Login_Softpedia_page_opened] [com.stepdef.Registerstepdef.tc___Login_Softpedia_page_opened(Registerstepdef.java:35)] - Softpedia login page opened
2020-04-08 12:41:34.257 INFO [main] [com.stepdef.loginstepdef] [tc___Click_n_register_buttton] [com.stepdef.Registerstepdef.tc___Click_n_register_buttton(Registerstepdef.java:44)] - Clicked on New Register Button
2020-04-08 12:41:35.209 INFO [main] [com.stepdef.loginstepdef] [tc0102_enter_something_something_something_something_in_the_login_field] [com.stepdef.Registerstepdef.tc0102_enter_something_something_something_something_in_the_login_field(Registerstepdef.java:56)] - Rgistration Details are entered
2020-04-08 12:41:35.412 INFO [main] [com.stepdef.loginstepdef] [tc___Click_on_regiter_button] [com.stepdef.Registerstepdef.tc___Click_on_regiter_button(Registerstepdef.java:64)] - Click on the The Register button
2020-04-08 12:41:35.514 INFO [main] [com.stepdef.loginstepdef] [tc0102_click_on_done] [com.stepdef.Registerstepdef.tc0102_click_on_done(Registerstepdef.java:69)] - clicked on done
2020-04-08 12:41:36.311 INFO [main] [com.stepdef.loginstepdef] [tc___Takes_a_screenshot] [com.stepdef.Registerstepdef.tc___Takes_a_screenshot(Registerstepdef.java:76)] - Screenshot sucessful
2020-04-08 12:41:37.140 INFO [main] [com.stepdef.loginstepdef] [tc___Takes_a_screenshot] [com.stepdef.Registerstepdef.tc___Takes_a_screenshot(Registerstepdef.java:78)] - Driver quit
2020-04-08 12:41:51.555 INFO [main] [com.stepdef.newstepdef] [news_i_launch_chrome_browser] [com.stepdef.newstepdef.news_i_launch_chrome_browser(newstepdef.java:22)] - launched the browser
2020-04-08 12:41:52.994 INFO [main] [com.stepdef.newstepdef] [news_click_on_the_news_button] [com.stepdef.newstepdef.news_click_on_the_news_button(newstepdef.java:30)] - Clicked on News Button
2020-04-08 12:41:54.380 INFO [main] [com.stepdef.newstepdef] [news_click_on_the_mobile_button] [com.stepdef.newstepdef.news_click_on_the_mobile_button(newstepdef.java:38)] - Clicked on Mobile Button
2020-04-08 12:41:55.247 INFO [main] [com.stepdef.newstepdef] [news_click_on_the_mobileapps_button] [com.stepdef.newstepdef.news_click_on_the_mobileapps_button(newstepdef.java:46)] - Clicked on Mobileapps Button
2020-04-08 12:41:55.935 INFO [main] [com.stepdef.newstepdef] [news_takes_a_screenshot] [com.stepdef.newstepdef.news_takes_a_screenshot(newstepdef.java:53)] - Screenshot sucessful
2020-04-08 12:41:56.775 INFO [main] [com.stepdef.newstepdef] [news_takes_a_screenshot] [com.stepdef.newstepdef.news_takes_a_screenshot(newstepdef.java:55)] - Driver quit
2020-04-08 12:42:12.173 INFO [main] [com.stepdef.newstepdef] [ratings_i_launch_chrome_browser] [com.stepdef.Ratingsstepdef.ratings_i_launch_chrome_browser(Ratingsstepdef.java:23)] - launched the browser
2020-04-08 12:42:13.341 INFO [main] [com.stepdef.newstepdef] [ratingsclick_on_the_news_button] [com.stepdef.Ratingsstepdef.ratingsclick_on_the_news_button(Ratingsstepdef.java:31)] - Clicked on Windows Button
2020-04-08 12:42:17.812 INFO [main] [com.stepdef.newstepdef] [ratings_click_on_the_mobile_button] [com.stepdef.Ratingsstepdef.ratings_click_on_the_mobile_button(Ratingsstepdef.java:39)] - Clicked on Anti virus Button
2020-04-08 12:42:18.385 INFO [main] [com.stepdef.newstepdef] [ratings_click_on_the_mobileapps_button] [com.stepdef.Ratingsstepdef.ratings_click_on_the_mobileapps_button(Ratingsstepdef.java:47)] - Clicked on Ratings Button
2020-04-08 12:42:19.050 INFO [main] [com.stepdef.newstepdef] [ratings_takes_a_screenshot] [com.stepdef.Ratingsstepdef.ratings_takes_a_screenshot(Ratingsstepdef.java:55)] - Screenshot sucessful
2020-04-08 12:42:19.804 INFO [main] [com.stepdef.newstepdef] [ratings_takes_a_screenshot] [com.stepdef.Ratingsstepdef.ratings_takes_a_screenshot(Ratingsstepdef.java:57)] - Driver quit
2020-04-08 13:22:20.040 INFO [main] [com.stepdef.loginstepdef] [i_launch_chrome_browser] [com.stepdef.loginstepdef.i_launch_chrome_browser(loginstepdef.java:23)] - launched the browser
2020-04-08 13:22:20.411 INFO [main] [com.stepdef.loginstepdef] [login_softpedia_page_opened] [com.stepdef.loginstepdef.login_softpedia_page_opened(loginstepdef.java:31)] - Softpedia login page opened
2020-04-08 13:22:21.234 INFO [main] [com.stepdef.loginstepdef] [enter_something_and_something_in_the_login_field] [com.stepdef.loginstepdef.enter_something_and_something_in_the_login_field(loginstepdef.java:39)] - usernam and password are :
2020-04-08 13:22:21.445 INFO [main] [com.stepdef.loginstepdef] [click_on_the_login_button] [com.stepdef.loginstepdef.click_on_the_login_button(loginstepdef.java:46)] - Clicked on submit button
2020-04-08 13:22:23.555 INFO [main] [com.stepdef.loginstepdef] [takes_a_screenshot] [com.stepdef.loginstepdef.takes_a_screenshot(loginstepdef.java:53)] - Screenshot sucessful
2020-04-08 13:22:24.409 INFO [main] [com.stepdef.loginstepdef] [takes_a_screenshot] [com.stepdef.loginstepdef.takes_a_screenshot(loginstepdef.java:55)] - Driver quit
2020-04-08 13:22:40.782 INFO [main] [com.stepdef.loginstepdef] [tc___I_launch_Chrome_browser] [com.stepdef.Registerstepdef.tc___I_launch_Chrome_browser(Registerstepdef.java:25)] - launched the browser
2020-04-08 13:22:40.934 INFO [main] [com.stepdef.loginstepdef] [tc___Login_Softpedia_page_opened] [com.stepdef.Registerstepdef.tc___Login_Softpedia_page_opened(Registerstepdef.java:35)] - Softpedia login page opened
2020-04-08 13:22:41.381 INFO [main] [com.stepdef.loginstepdef] [tc___Click_n_register_buttton] [com.stepdef.Registerstepdef.tc___Click_n_register_buttton(Registerstepdef.java:44)] - Clicked on New Register Button
2020-04-08 13:23:00.589 INFO [main] [com.stepdef.loginstepdef] [tc___I_launch_Chrome_browser] [com.stepdef.Registerstepdef.tc___I_launch_Chrome_browser(Registerstepdef.java:25)] - launched the browser
2020-04-08 13:23:00.757 INFO [main] [com.stepdef.loginstepdef] [tc___Login_Softpedia_page_opened] [com.stepdef.Registerstepdef.tc___Login_Softpedia_page_opened(Registerstepdef.java:35)] - Softpedia login page opened
2020-04-08 13:23:03.799 INFO [main] [com.stepdef.loginstepdef] [tc___Click_n_register_buttton] [com.stepdef.Registerstepdef.tc___Click_n_register_buttton(Registerstepdef.java:44)] - Clicked on New Register Button
2020-04-08 13:23:04.820 INFO [main] [com.stepdef.loginstepdef] [tc0102_enter_something_something_something_something_in_the_login_field] [com.stepdef.Registerstepdef.tc0102_enter_something_something_something_something_in_the_login_field(Registerstepdef.java:56)] - Rgistration Details are entered
2020-04-08 13:23:04.925 INFO [main] [com.stepdef.loginstepdef] [tc___Click_on_regiter_button] [com.stepdef.Registerstepdef.tc___Click_on_regiter_button(Registerstepdef.java:64)] - Click on the The Register button
2020-04-08 13:23:05.080 INFO [main] [com.stepdef.loginstepdef] [tc0102_click_on_done] [com.stepdef.Registerstepdef.tc0102_click_on_done(Registerstepdef.java:69)] - clicked on done
2020-04-08 13:23:06.814 INFO [main] [com.stepdef.loginstepdef] [tc___Takes_a_screenshot] [com.stepdef.Registerstepdef.tc___Takes_a_screenshot(Registerstepdef.java:76)] - Screenshot sucessful
2020-04-08 13:23:07.675 INFO [main] [com.stepdef.loginstepdef] [tc___Takes_a_screenshot] [com.stepdef.Registerstepdef.tc___Takes_a_screenshot(Registerstepdef.java:78)] - Driver quit
2020-04-08 13:23:25.243 INFO [main] [com.stepdef.loginstepdef] [tc___I_launch_Chrome_browser] [com.stepdef.Registerstepdef.tc___I_launch_Chrome_browser(Registerstepdef.java:25)] - launched the browser
2020-04-08 13:23:25.414 INFO [main] [com.stepdef.loginstepdef] [tc___Login_Softpedia_page_opened] [com.stepdef.Registerstepdef.tc___Login_Softpedia_page_opened(Registerstepdef.java:35)] - Softpedia login page opened
2020-04-08 13:23:27.019 INFO [main] [com.stepdef.loginstepdef] [tc___Click_n_register_buttton] [com.stepdef.Registerstepdef.tc___Click_n_register_buttton(Registerstepdef.java:44)] - Clicked on New Register Button
2020-04-08 13:23:28.183 INFO [main] [com.stepdef.loginstepdef] [tc0102_enter_something_something_something_something_in_the_login_field] [com.stepdef.Registerstepdef.tc0102_enter_something_something_something_something_in_the_login_field(Registerstepdef.java:56)] - Rgistration Details are entered
2020-04-08 13:23:28.329 INFO [main] [com.stepdef.loginstepdef] [tc___Click_on_regiter_button] [com.stepdef.Registerstepdef.tc___Click_on_regiter_button(Registerstepdef.java:64)] - Click on the The Register button
2020-04-08 13:23:28.471 INFO [main] [com.stepdef.loginstepdef] [tc0102_click_on_done] [com.stepdef.Registerstepdef.tc0102_click_on_done(Registerstepdef.java:69)] - clicked on done
2020-04-08 13:23:29.213 INFO [main] [com.stepdef.loginstepdef] [tc___Takes_a_screenshot] [com.stepdef.Registerstepdef.tc___Takes_a_screenshot(Registerstepdef.java:76)] - Screenshot sucessful
2020-04-08 13:23:29.953 INFO [main] [com.stepdef.loginstepdef] [tc___Takes_a_screenshot] [com.stepdef.Registerstepdef.tc___Takes_a_screenshot(Registerstepdef.java:78)] - Driver quit
2020-04-08 13:23:45.336 INFO [main] [com.stepdef.newstepdef] [news_i_launch_chrome_browser] [com.stepdef.newstepdef.news_i_launch_chrome_browser(newstepdef.java:22)] - launched the browser
2020-04-08 13:23:46.557 INFO [main] [com.stepdef.newstepdef] [news_click_on_the_news_button] [com.stepdef.newstepdef.news_click_on_the_news_button(newstepdef.java:30)] - Clicked on News Button
2020-04-08 13:23:48.141 INFO [main] [com.stepdef.newstepdef] [news_click_on_the_mobile_button] [com.stepdef.newstepdef.news_click_on_the_mobile_button(newstepdef.java:38)] - Clicked on Mobile Button
2020-04-08 13:23:49.194 INFO [main] [com.stepdef.newstepdef] [news_click_on_the_mobileapps_button] [com.stepdef.newstepdef.news_click_on_the_mobileapps_button(newstepdef.java:46)] - Clicked on Mobileapps Button
2020-04-08 13:23:49.860 INFO [main] [com.stepdef.newstepdef] [news_takes_a_screenshot] [com.stepdef.newstepdef.news_takes_a_screenshot(newstepdef.java:53)] - Screenshot sucessful
2020-04-08 13:23:50.709 INFO [main] [com.stepdef.newstepdef] [news_takes_a_screenshot] [com.stepdef.newstepdef.news_takes_a_screenshot(newstepdef.java:55)] - Driver quit
2020-04-08 13:24:06.201 INFO [main] [com.stepdef.newstepdef] [ratings_i_launch_chrome_browser] [com.stepdef.Ratingsstepdef.ratings_i_launch_chrome_browser(Ratingsstepdef.java:23)] - launched the browser
2020-04-08 13:24:07.605 INFO [main] [com.stepdef.newstepdef] [ratingsclick_on_the_news_button] [com.stepdef.Ratingsstepdef.ratingsclick_on_the_news_button(Ratingsstepdef.java:31)] - Clicked on Windows Button
2020-04-08 13:24:10.722 INFO [main] [com.stepdef.newstepdef] [ratings_click_on_the_mobile_button] [com.stepdef.Ratingsstepdef.ratings_click_on_the_mobile_button(Ratingsstepdef.java:39)] - Clicked on Anti virus Button
2020-04-08 13:24:14.954 INFO [main] [com.stepdef.newstepdef] [ratings_click_on_the_mobileapps_button] [com.stepdef.Ratingsstepdef.ratings_click_on_the_mobileapps_button(Ratingsstepdef.java:47)] - Clicked on Ratings Button
2020-04-08 13:24:15.599 INFO [main] [com.stepdef.newstepdef] [ratings_takes_a_screenshot] [com.stepdef.Ratingsstepdef.ratings_takes_a_screenshot(Ratingsstepdef.java:55)] - Screenshot sucessful
2020-04-08 13:24:16.480 INFO [main] [com.stepdef.newstepdef] [ratings_takes_a_screenshot] [com.stepdef.Ratingsstepdef.ratings_takes_a_screenshot(Ratingsstepdef.java:57)] - Driver quit
2020-04-08 13:45:10.204 INFO [main] [com.stepdef.loginstepdef] [tc___I_launch_Chrome_browser] [com.stepdef.Registerstepdef.tc___I_launch_Chrome_browser(Registerstepdef.java:25)] - launched the browser
2020-04-08 13:45:10.495 INFO [main] [com.stepdef.loginstepdef] [tc___Login_Softpedia_page_opened] [com.stepdef.Registerstepdef.tc___Login_Softpedia_page_opened(Registerstepdef.java:35)] - Softpedia login page opened
2020-04-08 13:45:11.441 INFO [main] [com.stepdef.loginstepdef] [tc___Click_n_register_buttton] [com.stepdef.Registerstepdef.tc___Click_n_register_buttton(Registerstepdef.java:44)] - Clicked on New Register Button
2020-04-08 13:45:12.615 INFO [main] [com.stepdef.loginstepdef] [tc0102_enter_something_something_something_something_in_the_login_field] [com.stepdef.Registerstepdef.tc0102_enter_something_something_something_something_in_the_login_field(Registerstepdef.java:56)] - Rgistration Details are entered
2020-04-08 13:45:12.784 INFO [main] [com.stepdef.loginstepdef] [tc___Click_on_regiter_button] [com.stepdef.Registerstepdef.tc___Click_on_regiter_button(Registerstepdef.java:64)] - Click on the The Register button
2020-04-08 13:45:12.935 INFO [main] [com.stepdef.loginstepdef] [tc0102_click_on_done] [com.stepdef.Registerstepdef.tc0102_click_on_done(Registerstepdef.java:69)] - clicked on done
2020-04-08 13:45:13.866 INFO [main] [com.stepdef.loginstepdef] [tc___Takes_a_screenshot] [com.stepdef.Registerstepdef.tc___Takes_a_screenshot(Registerstepdef.java:76)] - Screenshot sucessful
2020-04-08 13:45:14.766 INFO [main] [com.stepdef.loginstepdef] [tc___Takes_a_screenshot] [com.stepdef.Registerstepdef.tc___Takes_a_screenshot(Registerstepdef.java:78)] - Driver quit
2020-04-08 13:45:30.634 INFO [main] [com.stepdef.loginstepdef] [tc___I_launch_Chrome_browser] [com.stepdef.Registerstepdef.tc___I_launch_Chrome_browser(Registerstepdef.java:25)] - launched the browser
2020-04-08 13:45:30.782 INFO [main] [com.stepdef.loginstepdef] [tc___Login_Softpedia_page_opened] [com.stepdef.Registerstepdef.tc___Login_Softpedia_page_opened(Registerstepdef.java:35)] - Softpedia login page opened
2020-04-08 13:45:31.855 INFO [main] [com.stepdef.loginstepdef] [tc___Click_n_register_buttton] [com.stepdef.Registerstepdef.tc___Click_n_register_buttton(Registerstepdef.java:44)] - Clicked on New Register Button
2020-04-08 13:45:32.749 INFO [main] [com.stepdef.loginstepdef] [tc0102_enter_something_something_something_something_in_the_login_field] [com.stepdef.Registerstepdef.tc0102_enter_something_something_something_something_in_the_login_field(Registerstepdef.java:56)] - Rgistration Details are entered
2020-04-08 13:45:32.885 INFO [main] [com.stepdef.loginstepdef] [tc___Click_on_regiter_button] [com.stepdef.Registerstepdef.tc___Click_on_regiter_button(Registerstepdef.java:64)] - Click on the The Register button
2020-04-08 13:45:33.000 INFO [main] [com.stepdef.loginstepdef] [tc0102_click_on_done] [com.stepdef.Registerstepdef.tc0102_click_on_done(Registerstepdef.java:69)] - clicked on done
2020-04-08 13:45:33.626 INFO [main] [com.stepdef.loginstepdef] [tc___Takes_a_screenshot] [com.stepdef.Registerstepdef.tc___Takes_a_screenshot(Registerstepdef.java:76)] - Screenshot sucessful
2020-04-08 13:45:34.564 INFO [main] [com.stepdef.loginstepdef] [tc___Takes_a_screenshot] [com.stepdef.Registerstepdef.tc___Takes_a_screenshot(Registerstepdef.java:78)] - Driver quit
2020-04-08 13:59:01.019 INFO [main] [com.stepdef.LoginStepdef] [i_launch_chrome_browser] [com.stepdef.LoginStepdef.i_launch_chrome_browser(LoginStepdef.java:23)] - launched the browser
2020-04-08 13:59:01.304 INFO [main] [com.stepdef.LoginStepdef] [login_softpedia_page_opened] [com.stepdef.LoginStepdef.login_softpedia_page_opened(LoginStepdef.java:31)] - Softpedia login page opened
2020-04-08 13:59:02.193 INFO [main] [com.stepdef.LoginStepdef] [enter_something_and_something_in_the_login_field] [com.stepdef.LoginStepdef.enter_something_and_something_in_the_login_field(LoginStepdef.java:39)] - usernam and password are :
2020-04-08 13:59:02.462 INFO [main] [com.stepdef.LoginStepdef] [click_on_the_login_button] [com.stepdef.LoginStepdef.click_on_the_login_button(LoginStepdef.java:46)] - Clicked on submit button
2020-04-08 13:59:03.672 INFO [main] [com.stepdef.LoginStepdef] [takes_a_screenshot] [com.stepdef.LoginStepdef.takes_a_screenshot(LoginStepdef.java:53)] - Screenshot sucessful
2020-04-08 13:59:04.475 INFO [main] [com.stepdef.LoginStepdef] [takes_a_screenshot] [com.stepdef.LoginStepdef.takes_a_screenshot(LoginStepdef.java:55)] - Driver quit
2020-04-08 13:59:20.287 INFO [main] [com.stepdef.LoginStepdef] [tc___I_launch_Chrome_browser] [com.stepdef.Registerstepdef.tc___I_launch_Chrome_browser(Registerstepdef.java:25)] - launched the browser
2020-04-08 13:59:20.458 INFO [main] [com.stepdef.LoginStepdef] [tc___Login_Softpedia_page_opened] [com.stepdef.Registerstepdef.tc___Login_Softpedia_page_opened(Registerstepdef.java:35)] - Softpedia login page opened
2020-04-08 13:59:21.570 INFO [main] [com.stepdef.LoginStepdef] [tc___Click_n_register_buttton] [com.stepdef.Registerstepdef.tc___Click_n_register_buttton(Registerstepdef.java:44)] - Clicked on New Register Button
2020-04-08 13:59:22.569 INFO [main] [com.stepdef.LoginStepdef] [tc0102_enter_something_something_something_something_in_the_login_field] [com.stepdef.Registerstepdef.tc0102_enter_something_something_something_something_in_the_login_field(Registerstepdef.java:56)] - Rgistration Details are entered
2020-04-08 13:59:22.705 INFO [main] [com.stepdef.LoginStepdef] [tc___Click_on_regiter_button] [com.stepdef.Registerstepdef.tc___Click_on_regiter_button(Registerstepdef.java:64)] - Click on the The Register button
2020-04-08 13:59:22.968 INFO [main] [com.stepdef.LoginStepdef] [tc0102_click_on_done] [com.stepdef.Registerstepdef.tc0102_click_on_done(Registerstepdef.java:69)] - clicked on done
2020-04-08 13:59:23.671 INFO [main] [com.stepdef.LoginStepdef] [tc___Takes_a_screenshot] [com.stepdef.Registerstepdef.tc___Takes_a_screenshot(Registerstepdef.java:76)] - Screenshot sucessful
2020-04-08 13:59:24.479 INFO [main] [com.stepdef.LoginStepdef] [tc___Takes_a_screenshot] [com.stepdef.Registerstepdef.tc___Takes_a_screenshot(Registerstepdef.java:78)] - Driver quit
2020-04-08 13:59:39.719 INFO [main] [com.stepdef.LoginStepdef] [tc___I_launch_Chrome_browser] [com.stepdef.Registerstepdef.tc___I_launch_Chrome_browser(Registerstepdef.java:25)] - launched the browser
2020-04-08 13:59:40.205 INFO [main] [com.stepdef.LoginStepdef] [tc___Login_Softpedia_page_opened] [com.stepdef.Registerstepdef.tc___Login_Softpedia_page_opened(Registerstepdef.java:35)] - Softpedia login page opened
2020-04-08 13:59:40.699 INFO [main] [com.stepdef.LoginStepdef] [tc___Click_n_register_buttton] [com.stepdef.Registerstepdef.tc___Click_n_register_buttton(Registerstepdef.java:44)] - Clicked on New Register Button
2020-04-08 13:59:42.137 INFO [main] [com.stepdef.LoginStepdef] [tc0102_enter_something_something_something_something_in_the_login_field] [com.stepdef.Registerstepdef.tc0102_enter_something_something_something_something_in_the_login_field(Registerstepdef.java:56)] - Rgistration Details are entered
2020-04-08 13:59:42.265 INFO [main] [com.stepdef.LoginStepdef] [tc___Click_on_regiter_button] [com.stepdef.Registerstepdef.tc___Click_on_regiter_button(Registerstepdef.java:64)] - Click on the The Register button
2020-04-08 13:59:42.364 INFO [main] [com.stepdef.LoginStepdef] [tc0102_click_on_done] [com.stepdef.Registerstepdef.tc0102_click_on_done(Registerstepdef.java:69)] - clicked on done
2020-04-08 13:59:43.017 INFO [main] [com.stepdef.LoginStepdef] [tc___Takes_a_screenshot] [com.stepdef.Registerstepdef.tc___Takes_a_screenshot(Registerstepdef.java:76)] - Screenshot sucessful
2020-04-08 13:59:43.806 INFO [main] [com.stepdef.LoginStepdef] [tc___Takes_a_screenshot] [com.stepdef.Registerstepdef.tc___Takes_a_screenshot(Registerstepdef.java:78)] - Driver quit
2020-04-08 13:59:59.586 INFO [main] [com.stepdef.NewStepdef] [news_i_launch_chrome_browser] [com.stepdef.NewStepdef.news_i_launch_chrome_browser(NewStepdef.java:22)] - launched the browser
2020-04-08 14:00:01.240 INFO [main] [com.stepdef.NewStepdef] [news_click_on_the_news_button] [com.stepdef.NewStepdef.news_click_on_the_news_button(NewStepdef.java:30)] - Clicked on News Button
2020-04-08 14:00:02.846 INFO [main] [com.stepdef.NewStepdef] [news_click_on_the_mobile_button] [com.stepdef.NewStepdef.news_click_on_the_mobile_button(NewStepdef.java:38)] - Clicked on Mobile Button
2020-04-08 14:00:03.889 INFO [main] [com.stepdef.NewStepdef] [news_click_on_the_mobileapps_button] [com.stepdef.NewStepdef.news_click_on_the_mobileapps_button(NewStepdef.java:46)] - Clicked on Mobileapps Button
2020-04-08 14:00:04.616 INFO [main] [com.stepdef.NewStepdef] [news_takes_a_screenshot] [com.stepdef.NewStepdef.news_takes_a_screenshot(NewStepdef.java:53)] - Screenshot sucessful
2020-04-08 14:00:05.391 INFO [main] [com.stepdef.NewStepdef] [news_takes_a_screenshot] [com.stepdef.NewStepdef.news_takes_a_screenshot(NewStepdef.java:55)] - Driver quit
2020-04-08 14:00:20.592 INFO [main] [com.stepdef.NewStepdef] [ratings_i_launch_chrome_browser] [com.stepdef.Ratingsstepdef.ratings_i_launch_chrome_browser(Ratingsstepdef.java:23)] - launched the browser
2020-04-08 14:00:21.626 INFO [main] [com.stepdef.NewStepdef] [ratingsclick_on_the_news_button] [com.stepdef.Ratingsstepdef.ratingsclick_on_the_news_button(Ratingsstepdef.java:31)] - Clicked on Windows Button
2020-04-08 14:00:25.873 INFO [main] [com.stepdef.NewStepdef] [ratings_click_on_the_mobile_button] [com.stepdef.Ratingsstepdef.ratings_click_on_the_mobile_button(Ratingsstepdef.java:39)] - Clicked on Anti virus Button
2020-04-08 14:00:26.404 INFO [main] [com.stepdef.NewStepdef] [ratings_click_on_the_mobileapps_button] [com.stepdef.Ratingsstepdef.ratings_click_on_the_mobileapps_button(Ratingsstepdef.java:47)] - Clicked on Ratings Button
2020-04-08 14:00:27.173 INFO [main] [com.stepdef.NewStepdef] [ratings_takes_a_screenshot] [com.stepdef.Ratingsstepdef.ratings_takes_a_screenshot(Ratingsstepdef.java:55)] - Screenshot sucessful
2020-04-08 14:00:27.963 INFO [main] [com.stepdef.NewStepdef] [ratings_takes_a_screenshot] [com.stepdef.Ratingsstepdef.ratings_takes_a_screenshot(Ratingsstepdef.java:57)] - Driver quit
2020-04-08 14:01:51.609 INFO [main] [com.stepdef.LoginStepdef] [i_launch_chrome_browser] [com.stepdef.LoginStepdef.i_launch_chrome_browser(LoginStepdef.java:23)] - launched the browser
2020-04-08 14:01:52.478 INFO [main] [com.stepdef.LoginStepdef] [login_softpedia_page_opened] [com.stepdef.LoginStepdef.login_softpedia_page_opened(LoginStepdef.java:31)] - Softpedia login page opened
2020-04-08 14:01:53.300 INFO [main] [com.stepdef.LoginStepdef] [enter_something_and_something_in_the_login_field] [com.stepdef.LoginStepdef.enter_something_and_something_in_the_login_field(LoginStepdef.java:39)] - usernam and password are :
2020-04-08 14:01:53.434 INFO [main] [com.stepdef.LoginStepdef] [click_on_the_login_button] [com.stepdef.LoginStepdef.click_on_the_login_button(LoginStepdef.java:46)] - Clicked on submit button
2020-04-08 14:01:55.360 INFO [main] [com.stepdef.LoginStepdef] [takes_a_screenshot] [com.stepdef.LoginStepdef.takes_a_screenshot(LoginStepdef.java:53)] - Screenshot sucessful
2020-04-08 14:01:56.182 INFO [main] [com.stepdef.LoginStepdef] [takes_a_screenshot] [com.stepdef.LoginStepdef.takes_a_screenshot(LoginStepdef.java:55)] - Driver quit
2020-04-08 14:02:11.152 INFO [main] [com.stepdef.LoginStepdef] [tc___I_launch_Chrome_browser] [com.stepdef.Registerstepdef.tc___I_launch_Chrome_browser(Registerstepdef.java:25)] - launched the browser
2020-04-08 14:02:11.337 INFO [main] [com.stepdef.LoginStepdef] [tc___Login_Softpedia_page_opened] [com.stepdef.Registerstepdef.tc___Login_Softpedia_page_opened(Registerstepdef.java:35)] - Softpedia login page opened
2020-04-08 14:02:12.285 INFO [main] [com.stepdef.LoginStepdef] [tc___Click_n_register_buttton] [com.stepdef.Registerstepdef.tc___Click_n_register_buttton(Registerstepdef.java:44)] - Clicked on New Register Button
2020-04-08 14:02:13.354 INFO [main] [com.stepdef.LoginStepdef] [tc0102_enter_something_something_something_something_in_the_login_field] [com.stepdef.Registerstepdef.tc0102_enter_something_something_something_something_in_the_login_field(Registerstepdef.java:56)] - Rgistration Details are entered
2020-04-08 14:02:13.550 INFO [main] [com.stepdef.LoginStepdef] [tc___Click_on_regiter_button] [com.stepdef.Registerstepdef.tc___Click_on_regiter_button(Registerstepdef.java:64)] - Click on the The Register button
2020-04-08 14:02:13.750 INFO [main] [com.stepdef.LoginStepdef] [tc0102_click_on_done] [com.stepdef.Registerstepdef.tc0102_click_on_done(Registerstepdef.java:69)] - clicked on done
2020-04-08 14:02:14.434 INFO [main] [com.stepdef.LoginStepdef] [tc___Takes_a_screenshot] [com.stepdef.Registerstepdef.tc___Takes_a_screenshot(Registerstepdef.java:76)] - Screenshot sucessful
2020-04-08 14:02:15.266 INFO [main] [com.stepdef.LoginStepdef] [tc___Takes_a_screenshot] [com.stepdef.Registerstepdef.tc___Takes_a_screenshot(Registerstepdef.java:78)] - Driver quit
2020-04-08 14:02:30.471 INFO [main] [com.stepdef.LoginStepdef] [tc___I_launch_Chrome_browser] [com.stepdef.Registerstepdef.tc___I_launch_Chrome_browser(Registerstepdef.java:25)] - launched the browser
2020-04-08 14:02:30.905 INFO [main] [com.stepdef.LoginStepdef] [tc___Login_Softpedia_page_opened] [com.stepdef.Registerstepdef.tc___Login_Softpedia_page_opened(Registerstepdef.java:35)] - Softpedia login page opened
2020-04-08 14:02:31.774 INFO [main] [com.stepdef.LoginStepdef] [tc___Click_n_register_buttton] [com.stepdef.Registerstepdef.tc___Click_n_register_buttton(Registerstepdef.java:44)] - Clicked on New Register Button
2020-04-08 14:03:13.955 INFO [main] [com.stepdef.NewStepdef] [news_i_launch_chrome_browser] [com.stepdef.NewStepdef.news_i_launch_chrome_browser(NewStepdef.java:22)] - launched the browser
2020-04-08 14:03:43.558 INFO [main] [com.stepdef.NewStepdef] [ratings_i_launch_chrome_browser] [com.stepdef.Ratingsstepdef.ratings_i_launch_chrome_browser(Ratingsstepdef.java:23)] - launched the browser
2020-04-08 14:04:38.283 INFO [main] [com.stepdef.LoginStepdef] [i_launch_chrome_browser] [com.stepdef.LoginStepdef.i_launch_chrome_browser(LoginStepdef.java:23)] - launched the browser
2020-04-08 14:04:38.569 INFO [main] [com.stepdef.LoginStepdef] [login_softpedia_page_opened] [com.stepdef.LoginStepdef.login_softpedia_page_opened(LoginStepdef.java:31)] - Softpedia login page opened
2020-04-08 14:04:39.416 INFO [main] [com.stepdef.LoginStepdef] [enter_something_and_something_in_the_login_field] [com.stepdef.LoginStepdef.enter_something_and_something_in_the_login_field(LoginStepdef.java:39)] - usernam and password are :
2020-04-08 14:04:39.556 INFO [main] [com.stepdef.LoginStepdef] [click_on_the_login_button] [com.stepdef.LoginStepdef.click_on_the_login_button(LoginStepdef.java:46)] - Clicked on submit button
2020-04-08 14:04:40.253 INFO [main] [com.stepdef.LoginStepdef] [takes_a_screenshot] [com.stepdef.LoginStepdef.takes_a_screenshot(LoginStepdef.java:53)] - Screenshot sucessful
2020-04-08 14:04:41.016 INFO [main] [com.stepdef.LoginStepdef] [takes_a_screenshot] [com.stepdef.LoginStepdef.takes_a_screenshot(LoginStepdef.java:55)] - Driver quit
2020-04-08 14:04:56.135 INFO [main] [com.stepdef.LoginStepdef] [tc___I_launch_Chrome_browser] [com.stepdef.Registerstepdef.tc___I_launch_Chrome_browser(Registerstepdef.java:25)] - launched the browser
2020-04-08 14:04:56.266 INFO [main] [com.stepdef.LoginStepdef] [tc___Login_Softpedia_page_opened] [com.stepdef.Registerstepdef.tc___Login_Softpedia_page_opened(Registerstepdef.java:35)] - Softpedia login page opened
2020-04-08 14:04:56.666 INFO [main] [com.stepdef.LoginStepdef] [tc___Click_n_register_buttton] [com.stepdef.Registerstepdef.tc___Click_n_register_buttton(Registerstepdef.java:44)] - Clicked on New Register Button
2020-04-08 14:04:57.933 INFO [main] [com.stepdef.LoginStepdef] [tc0102_enter_something_something_something_something_in_the_login_field] [com.stepdef.Registerstepdef.tc0102_enter_something_something_something_something_in_the_login_field(Registerstepdef.java:56)] - Rgistration Details are entered
2020-04-08 14:04:58.036 INFO [main] [com.stepdef.LoginStepdef] [tc___Click_on_regiter_button] [com.stepdef.Registerstepdef.tc___Click_on_regiter_button(Registerstepdef.java:64)] - Click on the The Register button
2020-04-08 14:04:58.120 INFO [main] [com.stepdef.LoginStepdef] [tc0102_click_on_done] [com.stepdef.Registerstepdef.tc0102_click_on_done(Registerstepdef.java:69)] - clicked on done
2020-04-08 14:04:58.738 INFO [main] [com.stepdef.LoginStepdef] [tc___Takes_a_screenshot] [com.stepdef.Registerstepdef.tc___Takes_a_screenshot(Registerstepdef.java:76)] - Screenshot sucessful
2020-04-08 14:04:59.475 INFO [main] [com.stepdef.LoginStepdef] [tc___Takes_a_screenshot] [com.stepdef.Registerstepdef.tc___Takes_a_screenshot(Registerstepdef.java:78)] - Driver quit
2020-04-08 14:05:14.884 INFO [main] [com.stepdef.LoginStepdef] [tc___I_launch_Chrome_browser] [com.stepdef.Registerstepdef.tc___I_launch_Chrome_browser(Registerstepdef.java:25)] - launched the browser
2020-04-08 14:05:30.216 INFO [main] [com.stepdef.NewStepdef] [news_i_launch_chrome_browser] [com.stepdef.NewStepdef.news_i_launch_chrome_browser(NewStepdef.java:22)] - launched the browser
2020-04-08 14:05:45.404 INFO [main] [com.stepdef.NewStepdef] [ratings_i_launch_chrome_browser] [com.stepdef.Ratingsstepdef.ratings_i_launch_chrome_browser(Ratingsstepdef.java:23)] - launched the browser
2020-04-08 14:05:46.401 INFO [main] [com.stepdef.NewStepdef] [ratingsclick_on_the_news_button] [com.stepdef.Ratingsstepdef.ratingsclick_on_the_news_button(Ratingsstepdef.java:31)] - Clicked on Windows Button
2020-04-08 14:05:51.128 INFO [main] [com.stepdef.NewStepdef] [ratings_click_on_the_mobile_button] [com.stepdef.Ratingsstepdef.ratings_click_on_the_mobile_button(Ratingsstepdef.java:39)] - Clicked on Anti virus Button
2020-04-08 14:05:51.855 INFO [main] [com.stepdef.NewStepdef] [ratings_click_on_the_mobileapps_button] [com.stepdef.Ratingsstepdef.ratings_click_on_the_mobileapps_button(Ratingsstepdef.java:47)] - Clicked on Ratings Button
2020-04-08 14:05:52.603 INFO [main] [com.stepdef.NewStepdef] [ratings_takes_a_screenshot] [com.stepdef.Ratingsstepdef.ratings_takes_a_screenshot(Ratingsstepdef.java:55)] - Screenshot sucessful
2020-04-08 14:05:53.408 INFO [main] [com.stepdef.NewStepdef] [ratings_takes_a_screenshot] [com.stepdef.Ratingsstepdef.ratings_takes_a_screenshot(Ratingsstepdef.java:57)] - Driver quit
2020-04-08 14:07:56.260 INFO [main] [com.stepdef.LoginStepdef] [i_launch_chrome_browser] [com.stepdef.LoginStepdef.i_launch_chrome_browser(LoginStepdef.java:23)] - launched the browser
2020-04-08 14:07:56.456 INFO [main] [com.stepdef.LoginStepdef] [login_softpedia_page_opened] [com.stepdef.LoginStepdef.login_softpedia_page_opened(LoginStepdef.java:31)] - Softpedia login page opened
2020-04-08 14:07:57.303 INFO [main] [com.stepdef.LoginStepdef] [enter_something_and_something_in_the_login_field] [com.stepdef.LoginStepdef.enter_something_and_something_in_the_login_field(LoginStepdef.java:39)] - usernam and password are :
2020-04-08 14:07:57.398 INFO [main] [com.stepdef.LoginStepdef] [click_on_the_login_button] [com.stepdef.LoginStepdef.click_on_the_login_button(LoginStepdef.java:46)] - Clicked on submit button
2020-04-08 14:07:58.091 INFO [main] [com.stepdef.LoginStepdef] [takes_a_screenshot] [com.stepdef.LoginStepdef.takes_a_screenshot(LoginStepdef.java:53)] - Screenshot sucessful
2020-04-08 14:07:58.840 INFO [main] [com.stepdef.LoginStepdef] [takes_a_screenshot] [com.stepdef.LoginStepdef.takes_a_screenshot(LoginStepdef.java:55)] - Driver quit
2020-04-08 14:08:13.781 INFO [main] [com.stepdef.LoginStepdef] [tc___I_launch_Chrome_browser] [com.stepdef.Registerstepdef.tc___I_launch_Chrome_browser(Registerstepdef.java:25)] - launched the browser
2020-04-08 14:08:13.958 INFO [main] [com.stepdef.LoginStepdef] [tc___Login_Softpedia_page_opened] [com.stepdef.Registerstepdef.tc___Login_Softpedia_page_opened(Registerstepdef.java:35)] - Softpedia login page opened
2020-04-08 14:08:14.926 INFO [main] [com.stepdef.LoginStepdef] [tc___Click_n_register_buttton] [com.stepdef.Registerstepdef.tc___Click_n_register_buttton(Registerstepdef.java:44)] - Clicked on New Register Button
2020-04-08 14:08:15.547 INFO [main] [com.stepdef.LoginStepdef] [tc0102_enter_something_something_something_something_in_the_login_field] [com.stepdef.Registerstepdef.tc0102_enter_something_something_something_something_in_the_login_field(Registerstepdef.java:56)] - Rgistration Details are entered
2020-04-08 14:08:15.665 INFO [main] [com.stepdef.LoginStepdef] [tc___Click_on_regiter_button] [com.stepdef.Registerstepdef.tc___Click_on_regiter_button(Registerstepdef.java:64)] - Click on the The Register button
2020-04-08 14:08:15.807 INFO [main] [com.stepdef.LoginStepdef] [tc0102_click_on_done] [com.stepdef.Registerstepdef.tc0102_click_on_done(Registerstepdef.java:69)] - clicked on done
2020-04-08 14:08:16.415 INFO [main] [com.stepdef.LoginStepdef] [tc___Takes_a_screenshot] [com.stepdef.Registerstepdef.tc___Takes_a_screenshot(Registerstepdef.java:76)] - Screenshot sucessful
2020-04-08 14:08:17.185 INFO [main] [com.stepdef.LoginStepdef] [tc___Takes_a_screenshot] [com.stepdef.Registerstepdef.tc___Takes_a_screenshot(Registerstepdef.java:78)] - Driver quit
2020-04-08 14:08:32.875 INFO [main] [com.stepdef.NewStepdef] [news_i_launch_chrome_browser] [com.stepdef.NewStepdef.news_i_launch_chrome_browser(NewStepdef.java:22)] - launched the browser
2020-04-08 14:08:33.888 INFO [main] [com.stepdef.NewStepdef] [news_click_on_the_news_button] [com.stepdef.NewStepdef.news_click_on_the_news_button(NewStepdef.java:30)] - Clicked on News Button
2020-04-08 14:08:35.164 INFO [main] [com.stepdef.NewStepdef] [news_click_on_the_mobile_button] [com.stepdef.NewStepdef.news_click_on_the_mobile_button(NewStepdef.java:38)] - Clicked on Mobile Button
2020-04-08 14:08:36.045 INFO [main] [com.stepdef.NewStepdef] [news_click_on_the_mobileapps_button] [com.stepdef.NewStepdef.news_click_on_the_mobileapps_button(NewStepdef.java:46)] - Clicked on Mobileapps Button
2020-04-08 14:08:36.677 INFO [main] [com.stepdef.NewStepdef] [news_takes_a_screenshot] [com.stepdef.NewStepdef.news_takes_a_screenshot(NewStepdef.java:53)] - Screenshot sucessful
2020-04-08 14:08:37.800 INFO [main] [com.stepdef.NewStepdef] [news_takes_a_screenshot] [com.stepdef.NewStepdef.news_takes_a_screenshot(NewStepdef.java:55)] - Driver quit
2020-04-08 14:08:54.023 INFO [main] [com.stepdef.NewStepdef] [ratings_i_launch_chrome_browser] [com.stepdef.Ratingsstepdef.ratings_i_launch_chrome_browser(Ratingsstepdef.java:23)] - launched the browser
2020-04-08 14:08:55.056 INFO [main] [com.stepdef.NewStepdef] [ratingsclick_on_the_news_button] [com.stepdef.Ratingsstepdef.ratingsclick_on_the_news_button(Ratingsstepdef.java:31)] - Clicked on Windows Button
2020-04-08 14:08:57.956 INFO [main] [com.stepdef.NewStepdef] [ratings_click_on_the_mobile_button] [com.stepdef.Ratingsstepdef.ratings_click_on_the_mobile_button(Ratingsstepdef.java:39)] - Clicked on Anti virus Button
2020-04-08 14:09:00.634 INFO [main] [com.stepdef.NewStepdef] [ratings_click_on_the_mobileapps_button] [com.stepdef.Ratingsstepdef.ratings_click_on_the_mobileapps_button(Ratingsstepdef.java:47)] - Clicked on Ratings Button
2020-04-08 14:09:00.981 INFO [main] [com.stepdef.NewStepdef] [ratings_takes_a_screenshot] [com.stepdef.Ratingsstepdef.ratings_takes_a_screenshot(Ratingsstepdef.java:55)] - Screenshot sucessful
2020-04-08 14:09:01.778 INFO [main] [com.stepdef.NewStepdef] [ratings_takes_a_screenshot] [com.stepdef.Ratingsstepdef.ratings_takes_a_screenshot(Ratingsstepdef.java:57)] - Driver quit
2020-04-08 14:15:12.877 INFO [main] [com.stepdef.LoginStepdef] [tc___I_launch_Chrome_browser] [com.stepdef.Registerstepdef.tc___I_launch_Chrome_browser(Registerstepdef.java:25)] - launched the browser
2020-04-08 14:15:13.237 INFO [main] [com.stepdef.LoginStepdef] [tc___Login_Softpedia_page_opened] [com.stepdef.Registerstepdef.tc___Login_Softpedia_page_opened(Registerstepdef.java:35)] - Softpedia login page opened
2020-04-08 14:15:14.883 INFO [main] [com.stepdef.LoginStepdef] [tc___Click_n_register_buttton] [com.stepdef.Registerstepdef.tc___Click_n_register_buttton(Registerstepdef.java:44)] - Clicked on New Register Button
2020-04-08 14:15:15.905 INFO [main] [com.stepdef.LoginStepdef] [tc0102_enter_something_something_something_something_in_the_login_field] [com.stepdef.Registerstepdef.tc0102_enter_something_something_something_something_in_the_login_field(Registerstepdef.java:56)] - Rgistration Details are entered
2020-04-08 14:15:16.076 INFO [main] [com.stepdef.LoginStepdef] [tc___Click_on_regiter_button] [com.stepdef.Registerstepdef.tc___Click_on_regiter_button(Registerstepdef.java:64)] - Click on the The Register button
2020-04-08 14:15:16.228 INFO [main] [com.stepdef.LoginStepdef] [tc0102_click_on_done] [com.stepdef.Registerstepdef.tc0102_click_on_done(Registerstepdef.java:69)] - clicked on done
2020-04-08 14:15:17.005 INFO [main] [com.stepdef.LoginStepdef] [tc___Takes_a_screenshot] [com.stepdef.Registerstepdef.tc___Takes_a_screenshot(Registerstepdef.java:76)] - Screenshot sucessful
2020-04-08 14:15:17.987 INFO [main] [com.stepdef.LoginStepdef] [tc___Takes_a_screenshot] [com.stepdef.Registerstepdef.tc___Takes_a_screenshot(Registerstepdef.java:78)] - Driver quit
2020-04-08 14:16:02.611 INFO [main] [com.stepdef.LoginStepdef] [tc___I_launch_Chrome_browser] [com.stepdef.Registerstepdef.tc___I_launch_Chrome_browser(Registerstepdef.java:25)] - launched the browser
2020-04-08 14:16:03.377 INFO [main] [com.stepdef.LoginStepdef] [tc___Login_Softpedia_page_opened] [com.stepdef.Registerstepdef.tc___Login_Softpedia_page_opened(Registerstepdef.java:35)] - Softpedia login page opened
2020-04-08 14:16:04.386 INFO [main] [com.stepdef.LoginStepdef] [tc___Click_n_register_buttton] [com.stepdef.Registerstepdef.tc___Click_n_register_buttton(Registerstepdef.java:44)] - Clicked on New Register Button
2020-04-08 14:16:05.351 INFO [main] [com.stepdef.LoginStepdef] [tc0102_enter_something_something_something_something_in_the_login_field] [com.stepdef.Registerstepdef.tc0102_enter_something_something_something_something_in_the_login_field(Registerstepdef.java:56)] - Rgistration Details are entered
2020-04-08 14:16:05.483 INFO [main] [com.stepdef.LoginStepdef] [tc___Click_on_regiter_button] [com.stepdef.Registerstepdef.tc___Click_on_regiter_button(Registerstepdef.java:64)] - Click on the The Register button
2020-04-08 14:16:05.603 INFO [main] [com.stepdef.LoginStepdef] [tc0102_click_on_done] [com.stepdef.Registerstepdef.tc0102_click_on_done(Registerstepdef.java:69)] - clicked on done
2020-04-08 14:16:06.298 INFO [main] [com.stepdef.LoginStepdef] [tc___Takes_a_screenshot] [com.stepdef.Registerstepdef.tc___Takes_a_screenshot(Registerstepdef.java:76)] - Screenshot sucessful
2020-04-08 14:16:07.098 INFO [main] [com.stepdef.LoginStepdef] [tc___Takes_a_screenshot] [com.stepdef.Registerstepdef.tc___Takes_a_screenshot(Registerstepdef.java:78)] - Driver quit
2020-04-08 14:16:59.117 INFO [main] [com.stepdef.LoginStepdef] [tc___I_launch_Chrome_browser] [com.stepdef.Registerstepdef.tc___I_launch_Chrome_browser(Registerstepdef.java:25)] - launched the browser
2020-04-08 14:16:59.872 INFO [main] [com.stepdef.LoginStepdef] [tc___Login_Softpedia_page_opened] [com.stepdef.Registerstepdef.tc___Login_Softpedia_page_opened(Registerstepdef.java:35)] - Softpedia login page opened
2020-04-08 14:17:00.271 INFO [main] [com.stepdef.LoginStepdef] [tc___Click_n_register_buttton] [com.stepdef.Registerstepdef.tc___Click_n_register_buttton(Registerstepdef.java:44)] - Clicked on New Register Button
2020-04-08 14:17:48.882 INFO [main] [com.stepdef.LoginStepdef] [tc___I_launch_Chrome_browser] [com.stepdef.Registerstepdef.tc___I_launch_Chrome_browser(Registerstepdef.java:25)] - launched the browser
2020-04-08 14:17:49.376 INFO [main] [com.stepdef.LoginStepdef] [tc___Login_Softpedia_page_opened] [com.stepdef.Registerstepdef.tc___Login_Softpedia_page_opened(Registerstepdef.java:35)] - Softpedia login page opened
2020-04-08 14:17:49.817 INFO [main] [com.stepdef.LoginStepdef] [tc___Click_n_register_buttton] [com.stepdef.Registerstepdef.tc___Click_n_register_buttton(Registerstepdef.java:44)] - Clicked on New Register Button
2020-04-08 14:17:51.320 INFO [main] [com.stepdef.LoginStepdef] [tc0102_enter_something_something_something_something_in_the_login_field] [com.stepdef.Registerstepdef.tc0102_enter_something_something_something_something_in_the_login_field(Registerstepdef.java:56)] - Rgistration Details are entered
2020-04-08 14:17:51.458 INFO [main] [com.stepdef.LoginStepdef] [tc___Click_on_regiter_button] [com.stepdef.Registerstepdef.tc___Click_on_regiter_button(Registerstepdef.java:64)] - Click on the The Register button
2020-04-08 14:17:51.726 INFO [main] [com.stepdef.LoginStepdef] [tc0102_click_on_done] [com.stepdef.Registerstepdef.tc0102_click_on_done(Registerstepdef.java:69)] - clicked on done
2020-04-08 14:17:52.519 INFO [main] [com.stepdef.LoginStepdef] [tc___Takes_a_screenshot] [com.stepdef.Registerstepdef.tc___Takes_a_screenshot(Registerstepdef.java:76)] - Screenshot sucessful
2020-04-08 14:17:53.350 INFO [main] [com.stepdef.LoginStepdef] [tc___Takes_a_screenshot] [com.stepdef.Registerstepdef.tc___Takes_a_screenshot(Registerstepdef.java:78)] - Driver quit
2020-04-08 14:18:51.854 INFO [main] [com.stepdef.LoginStepdef] [tc___I_launch_Chrome_browser] [com.stepdef.Registerstepdef.tc___I_launch_Chrome_browser(Registerstepdef.java:25)] - launched the browser
2020-04-08 14:18:52.312 INFO [main] [com.stepdef.LoginStepdef] [tc___Login_Softpedia_page_opened] [com.stepdef.Registerstepdef.tc___Login_Softpedia_page_opened(Registerstepdef.java:35)] - Softpedia login page opened
2020-04-08 14:18:52.831 INFO [main] [com.stepdef.LoginStepdef] [tc___Click_n_register_buttton] [com.stepdef.Registerstepdef.tc___Click_n_register_buttton(Registerstepdef.java:44)] - Clicked on New Register Button
2020-04-08 14:18:54.295 INFO [main] [com.stepdef.LoginStepdef] [tc0102_enter_something_something_something_something_in_the_login_field] [com.stepdef.Registerstepdef.tc0102_enter_something_something_something_something_in_the_login_field(Registerstepdef.java:56)] - Rgistration Details are entered
2020-04-08 14:18:54.439 INFO [main] [com.stepdef.LoginStepdef] [tc___Click_on_regiter_button] [com.stepdef.Registerstepdef.tc___Click_on_regiter_button(Registerstepdef.java:64)] - Click on the The Register button
2020-04-08 14:18:54.546 INFO [main] [com.stepdef.LoginStepdef] [tc0102_click_on_done] [com.stepdef.Registerstepdef.tc0102_click_on_done(Registerstepdef.java:69)] - clicked on done
2020-04-08 14:18:55.326 INFO [main] [com.stepdef.LoginStepdef] [tc___Takes_a_screenshot] [com.stepdef.Registerstepdef.tc___Takes_a_screenshot(Registerstepdef.java:76)] - Screenshot sucessful
2020-04-08 14:18:56.127 INFO [main] [com.stepdef.LoginStepdef] [tc___Takes_a_screenshot] [com.stepdef.Registerstepdef.tc___Takes_a_screenshot(Registerstepdef.java:78)] - Driver quit
2020-04-08 14:19:55.069 INFO [main] [com.stepdef.LoginStepdef] [tc___I_launch_Chrome_browser] [com.stepdef.Registerstepdef.tc___I_launch_Chrome_browser(Registerstepdef.java:25)] - launched the browser
2020-04-08 14:19:55.399 INFO [main] [com.stepdef.LoginStepdef] [tc___Login_Softpedia_page_opened] [com.stepdef.Registerstepdef.tc___Login_Softpedia_page_opened(Registerstepdef.java:35)] - Softpedia login page opened
2020-04-08 14:19:56.710 INFO [main] [com.stepdef.LoginStepdef] [tc___Click_n_register_buttton] [com.stepdef.Registerstepdef.tc___Click_n_register_buttton(Registerstepdef.java:44)] - Clicked on New Register Button
2020-04-08 14:21:06.058 INFO [main] [com.stepdef.LoginStepdef] [tc___I_launch_Chrome_browser] [com.stepdef.Registerstepdef.tc___I_launch_Chrome_browser(Registerstepdef.java:25)] - launched the browser
2020-04-08 14:21:06.705 INFO [main] [com.stepdef.LoginStepdef] [tc___Login_Softpedia_page_opened] [com.stepdef.Registerstepdef.tc___Login_Softpedia_page_opened(Registerstepdef.java:35)] - Softpedia login page opened
2020-04-08 14:21:07.185 INFO [main] [com.stepdef.LoginStepdef] [tc___Click_n_register_buttton] [com.stepdef.Registerstepdef.tc___Click_n_register_buttton(Registerstepdef.java:44)] - Clicked on New Register Button
2020-04-08 14:21:08.646 INFO [main] [com.stepdef.LoginStepdef] [tc0102_enter_something_something_something_something_in_the_login_field] [com.stepdef.Registerstepdef.tc0102_enter_something_something_something_something_in_the_login_field(Registerstepdef.java:56)] - Rgistration Details are entered
2020-04-08 14:21:08.778 INFO [main] [com.stepdef.LoginStepdef] [tc___Click_on_regiter_button] [com.stepdef.Registerstepdef.tc___Click_on_regiter_button(Registerstepdef.java:64)] - Click on the The Register button
2020-04-08 14:21:08.882 INFO [main] [com.stepdef.LoginStepdef] [tc0102_click_on_done] [com.stepdef.Registerstepdef.tc0102_click_on_done(Registerstepdef.java:69)] - clicked on done
2020-04-08 14:21:09.669 INFO [main] [com.stepdef.LoginStepdef] [tc___Takes_a_screenshot] [com.stepdef.Registerstepdef.tc___Takes_a_screenshot(Registerstepdef.java:76)] - Screenshot sucessful
2020-04-08 14:21:11.003 INFO [main] [com.stepdef.LoginStepdef] [tc___Takes_a_screenshot] [com.stepdef.Registerstepdef.tc___Takes_a_screenshot(Registerstepdef.java:78)] - Driver quit
2020-04-08 14:22:22.344 INFO [main] [com.stepdef.LoginStepdef] [tc___I_launch_Chrome_browser] [com.stepdef.Registerstepdef.tc___I_launch_Chrome_browser(Registerstepdef.java:25)] - launched the browser
2020-04-08 14:22:22.630 INFO [main] [com.stepdef.LoginStepdef] [tc___Login_Softpedia_page_opened] [com.stepdef.Registerstepdef.tc___Login_Softpedia_page_opened(Registerstepdef.java:35)] - Softpedia login page opened
2020-04-08 14:22:24.178 INFO [main] [com.stepdef.LoginStepdef] [tc___Click_n_register_buttton] [com.stepdef.Registerstepdef.tc___Click_n_register_buttton(Registerstepdef.java:44)] - Clicked on New Register Button
2020-04-08 14:22:24.945 INFO [main] [com.stepdef.LoginStepdef] [tc0102_enter_something_something_something_something_in_the_login_field] [com.stepdef.Registerstepdef.tc0102_enter_something_something_something_something_in_the_login_field(Registerstepdef.java:56)] - Rgistration Details are entered
2020-04-08 14:22:25.058 INFO [main] [com.stepdef.LoginStepdef] [tc___Click_on_regiter_button] [com.stepdef.Registerstepdef.tc___Click_on_regiter_button(Registerstepdef.java:64)] - Click on the The Register button
2020-04-08 14:22:25.148 INFO [main] [com.stepdef.LoginStepdef] [tc0102_click_on_done] [com.stepdef.Registerstepdef.tc0102_click_on_done(Registerstepdef.java:69)] - clicked on done
2020-04-08 14:22:25.806 INFO [main] [com.stepdef.LoginStepdef] [tc___Takes_a_screenshot] [com.stepdef.Registerstepdef.tc___Takes_a_screenshot(Registerstepdef.java:76)] - Screenshot sucessful
2020-04-08 14:22:26.594 INFO [main] [com.stepdef.LoginStepdef] [tc___Takes_a_screenshot] [com.stepdef.Registerstepdef.tc___Takes_a_screenshot(Registerstepdef.java:78)] - Driver quit
